{"numTotalTestSuites":2,"numPassedTestSuites":0,"numFailedTestSuites":2,"numPendingTestSuites":0,"numTotalTests":6,"numPassedTests":0,"numFailedTests":6,"numPendingTests":0,"numTodoTests":0,"snapshot":{"added":0,"failure":false,"filesAdded":0,"filesRemoved":0,"filesRemovedList":[],"filesUnmatched":0,"filesUpdated":0,"matched":0,"total":0,"unchecked":0,"uncheckedKeysByFile":[],"unmatched":0,"updated":0,"didUpdate":false},"startTime":1752831881329,"success":false,"testResults":[{"assertionResults":[{"ancestorTitles":["Events – full lifecycle (draft → published → cancelled → archived → deleted → restored → purged)"],"fullName":"Events – full lifecycle (draft → published → cancelled → archived → deleted → restored → purged) POST /events/:id/publish → status = published","status":"failed","title":"POST /events/:id/publish → status = published","duration":5005.1723999999995,"failureMessages":["Error: STACK_TRACE_ERROR\n    at task (file:///C:/Projects/Potluck/node_modules/@vitest/runner/dist/chunk-hooks.js:638:27)\n    at Object.<anonymous> (file:///C:/Projects/Potluck/node_modules/@vitest/runner/dist/chunk-hooks.js:662:16)\n    at Object.<anonymous> (file:///C:/Projects/Potluck/node_modules/@vitest/runner/dist/chunk-hooks.js:458:28)\n    at chain (file:///C:/Projects/Potluck/node_modules/@vitest/runner/dist/chunk-hooks.js:369:14)\n    at C:\\Projects\\Potluck\\apps\\server\\tests\\events\\lifecycle.spec.ts:41:3\n    at file:///C:/Projects/Potluck/node_modules/@vitest/runner/dist/chunk-hooks.js:734:40\n    at runWithSuite (file:///C:/Projects/Potluck/node_modules/@vitest/runner/dist/chunk-hooks.js:1849:8)\n    at Object.collect (file:///C:/Projects/Potluck/node_modules/@vitest/runner/dist/chunk-hooks.js:734:10)\n    at Object.collect (file:///C:/Projects/Potluck/node_modules/@vitest/runner/dist/chunk-hooks.js:738:54)\n    at collectTests (file:///C:/Projects/Potluck/node_modules/@vitest/runner/dist/chunk-hooks.js:1179:25)\n    at startTests (file:///C:/Projects/Potluck/node_modules/@vitest/runner/dist/chunk-hooks.js:1817:17)\n    at file:///C:/Projects/Potluck/node_modules/vitest/dist/chunks/runBaseTests.9Ij9_de-.js:117:26\n    at withEnv (file:///C:/Projects/Potluck/node_modules/vitest/dist/chunks/runBaseTests.9Ij9_de-.js:84:3)\n    at run (file:///C:/Projects/Potluck/node_modules/vitest/dist/chunks/runBaseTests.9Ij9_de-.js:109:2)\n    at runBaseTests (file:///C:/Projects/Potluck/node_modules/vitest/dist/chunks/base.DfmxU-tU.js:32:2)"],"location":{"line":41,"column":3},"meta":{}},{"ancestorTitles":["Events – full lifecycle (draft → published → cancelled → archived → deleted → restored → purged)"],"fullName":"Events – full lifecycle (draft → published → cancelled → archived → deleted → restored → purged) POST /events/:id/cancel → status = cancelled","status":"failed","title":"POST /events/:id/cancel → status = cancelled","duration":5983.258399999999,"failureMessages":["Error: STACK_TRACE_ERROR\n    at task (file:///C:/Projects/Potluck/node_modules/@vitest/runner/dist/chunk-hooks.js:638:27)\n    at Object.<anonymous> (file:///C:/Projects/Potluck/node_modules/@vitest/runner/dist/chunk-hooks.js:662:16)\n    at Object.<anonymous> (file:///C:/Projects/Potluck/node_modules/@vitest/runner/dist/chunk-hooks.js:458:28)\n    at chain (file:///C:/Projects/Potluck/node_modules/@vitest/runner/dist/chunk-hooks.js:369:14)\n    at C:\\Projects\\Potluck\\apps\\server\\tests\\events\\lifecycle.spec.ts:52:3\n    at file:///C:/Projects/Potluck/node_modules/@vitest/runner/dist/chunk-hooks.js:734:40\n    at runWithSuite (file:///C:/Projects/Potluck/node_modules/@vitest/runner/dist/chunk-hooks.js:1849:8)\n    at Object.collect (file:///C:/Projects/Potluck/node_modules/@vitest/runner/dist/chunk-hooks.js:734:10)\n    at Object.collect (file:///C:/Projects/Potluck/node_modules/@vitest/runner/dist/chunk-hooks.js:738:54)\n    at collectTests (file:///C:/Projects/Potluck/node_modules/@vitest/runner/dist/chunk-hooks.js:1179:25)\n    at startTests (file:///C:/Projects/Potluck/node_modules/@vitest/runner/dist/chunk-hooks.js:1817:17)\n    at file:///C:/Projects/Potluck/node_modules/vitest/dist/chunks/runBaseTests.9Ij9_de-.js:117:26\n    at withEnv (file:///C:/Projects/Potluck/node_modules/vitest/dist/chunks/runBaseTests.9Ij9_de-.js:84:3)\n    at run (file:///C:/Projects/Potluck/node_modules/vitest/dist/chunks/runBaseTests.9Ij9_de-.js:109:2)\n    at runBaseTests (file:///C:/Projects/Potluck/node_modules/vitest/dist/chunks/base.DfmxU-tU.js:32:2)"],"location":{"line":52,"column":3},"meta":{}},{"ancestorTitles":["Events – full lifecycle (draft → published → cancelled → archived → deleted → restored → purged)"],"fullName":"Events – full lifecycle (draft → published → cancelled → archived → deleted → restored → purged) POST /events/:id/archive → status = archived","status":"failed","title":"POST /events/:id/archive → status = archived","duration":16.262399999999616,"failureMessages":["AssertionError: expected 404 to be 200 // Object.is equality\n    at C:\\Projects\\Potluck\\apps\\server\\tests\\events\\lifecycle.spec.ts:70:24\n    at processTicksAndRejections (node:internal/process/task_queues:105:5)\n    at file:///C:/Projects/Potluck/node_modules/@vitest/runner/dist/chunk-hooks.js:752:20"],"location":{"line":64,"column":3},"meta":{}},{"ancestorTitles":["Events – full lifecycle (draft → published → cancelled → archived → deleted → restored → purged)"],"fullName":"Events – full lifecycle (draft → published → cancelled → archived → deleted → restored → purged) DELETE /events/:id → 204 & subsequent GET = 404","status":"failed","title":"DELETE /events/:id → 204 & subsequent GET = 404","duration":1470.5117000000027,"failureMessages":["AssertionError: expected 409 to be 204 // Object.is equality\n    at C:\\Projects\\Potluck\\apps\\server\\tests\\events\\lifecycle.spec.ts:80:24\n    at processTicksAndRejections (node:internal/process/task_queues:105:5)\n    at file:///C:/Projects/Potluck/node_modules/@vitest/runner/dist/chunk-hooks.js:752:20"],"location":{"line":75,"column":3},"meta":{}},{"ancestorTitles":["Events – full lifecycle (draft → published → cancelled → archived → deleted → restored → purged)"],"fullName":"Events – full lifecycle (draft → published → cancelled → archived → deleted → restored → purged) POST /events/:id/restore → status back to archived","status":"failed","title":"POST /events/:id/restore → status back to archived","duration":674.3899999999994,"failureMessages":["AssertionError: expected 409 to be 200 // Object.is equality\n    at C:\\Projects\\Potluck\\apps\\server\\tests\\events\\lifecycle.spec.ts:97:24\n    at processTicksAndRejections (node:internal/process/task_queues:105:5)\n    at file:///C:/Projects/Potluck/node_modules/@vitest/runner/dist/chunk-hooks.js:752:20"],"location":{"line":91,"column":3},"meta":{}},{"ancestorTitles":["Events – full lifecycle (draft → published → cancelled → archived → deleted → restored → purged)"],"fullName":"Events – full lifecycle (draft → published → cancelled → archived → deleted → restored → purged) POST /events/:id/purge → 204 & hard 404 afterwards","status":"failed","title":"POST /events/:id/purge → 204 & hard 404 afterwards","duration":666.6097999999984,"failureMessages":["AssertionError: expected 409 to be 204 // Object.is equality\n    at C:\\Projects\\Potluck\\apps\\server\\tests\\events\\lifecycle.spec.ts:107:26\n    at processTicksAndRejections (node:internal/process/task_queues:105:5)\n    at file:///C:/Projects/Potluck/node_modules/@vitest/runner/dist/chunk-hooks.js:752:20"],"location":{"line":102,"column":3},"meta":{}}],"startTime":1752831888340,"endTime":1752831902156.6099,"status":"failed","message":"","name":"C:/Projects/Potluck/apps/server/tests/events/lifecycle.spec.ts"}]}